<?xml version="1.0" encoding="UTF-8"?>
<!-- Generated by org.testng.reporters.JUnitXMLReporter -->
<testsuite ignored="0" hostname="DESKTOP-IJ0KABL" failures="0" tests="4" name="Default test" time="31.034" errors="0" timestamp="2025-07-08T22:20:17 IST">
  <testcase classname="api.testcases.UserTest" name="testCreateUser" time="17.429"/>
  <testcase classname="api.testcases.UserTest" name="testGetUseData" time="3.612"/>
  <testcase classname="api.testcases.UserTest" name="testUpdateUser" time="2.915"/>
  <testcase classname="api.testcases.UserTest" name="testDeleteUser" time="2.443"/>
</testsuite> <!-- Default test -->
