<?xml version="1.0" encoding="UTF-8"?>
<testng-results ignored="0" total="4" passed="4" failed="0" skipped="0">
  <reporter-output>
  </reporter-output>
  <suite started-at="2025-07-08T22:19:46 IST" name="Default suite" finished-at="2025-07-08T22:20:17 IST" duration-ms="31034">
    <groups>
    </groups>
    <test started-at="2025-07-08T22:19:46 IST" name="Default test" finished-at="2025-07-08T22:20:17 IST" duration-ms="31034">
      <class name="api.testcases.UserTest">
        <test-method is-config="true" signature="generateTestData()[pri:0, instance:api.testcases.UserTest@524d6d96]" started-at="2025-07-08T22:19:47 IST" name="generateTestData" finished-at="2025-07-08T22:19:51 IST" duration-ms="4356" status="PASS">
          <reporter-output>
          </reporter-output>
        </test-method> <!-- generateTestData -->
        <test-method signature="testCreateUser()[pri:1, instance:api.testcases.UserTest@524d6d96]" started-at="2025-07-08T22:19:51 IST" name="testCreateUser" finished-at="2025-07-08T22:20:08 IST" duration-ms="17429" status="PASS">
          <reporter-output>
          </reporter-output>
        </test-method> <!-- testCreateUser -->
        <test-method signature="testGetUseData()[pri:2, instance:api.testcases.UserTest@524d6d96]" started-at="2025-07-08T22:20:08 IST" name="testGetUseData" finished-at="2025-07-08T22:20:12 IST" duration-ms="3612" status="PASS">
          <reporter-output>
          </reporter-output>
        </test-method> <!-- testGetUseData -->
        <test-method signature="testUpdateUser()[pri:3, instance:api.testcases.UserTest@524d6d96]" started-at="2025-07-08T22:20:12 IST" name="testUpdateUser" finished-at="2025-07-08T22:20:15 IST" duration-ms="2915" status="PASS">
          <reporter-output>
          </reporter-output>
        </test-method> <!-- testUpdateUser -->
        <test-method signature="testDeleteUser()[pri:4, instance:api.testcases.UserTest@524d6d96]" started-at="2025-07-08T22:20:15 IST" name="testDeleteUser" finished-at="2025-07-08T22:20:17 IST" duration-ms="2443" status="PASS">
          <reporter-output>
          </reporter-output>
        </test-method> <!-- testDeleteUser -->
      </class> <!-- api.testcases.UserTest -->
    </test> <!-- Default test -->
  </suite> <!-- Default suite -->
</testng-results>
